<?xml version="1.0" encoding="UTF-8"?>
<!-- Generated by org.testng.reporters.JUnitXMLReporter -->
<testsuite ignored="2" hostname="QSP" failures="0" tests="3" name="Test" time="10.098" errors="0" timestamp="2021-07-23T08:18:55 IST">
  <testcase classname="com.TestYantra.USAPIproject.genericLib.BaseClass" name="@AfterMethod configAS" time="0.0">
    <failure type="java.lang.NullPointerException" message="Cannot invoke &amp;quot;java.sql.Connection.close()&amp;quot; because &amp;quot;this.con&amp;quot; is null">
      <![CDATA[java.lang.NullPointerException: Cannot invoke "java.sql.Connection.close()" because "this.con" is null
at com.TestYantra.USAPIproject.genericLib.DataBaseUtilies.closedb(DataBaseUtilies.java:43)
at com.TestYantra.USAPIproject.genericLib.BaseClass.configAS(BaseClass.java:22)
at java.base/java.util.ArrayList.forEach(ArrayList.java:1511)
... Removed 32 stack frames]]>
    </failure>
  </testcase> <!-- @AfterMethod configAS -->
  <testcase classname="com.TestYantra.USAPIproject.genericLib.BaseClass" name="@AfterMethod configAS" time="0.001">
    <failure type="java.lang.NullPointerException" message="Cannot invoke &amp;quot;java.sql.Connection.close()&amp;quot; because &amp;quot;this.con&amp;quot; is null">
      <![CDATA[java.lang.NullPointerException: Cannot invoke "java.sql.Connection.close()" because "this.con" is null
at com.TestYantra.USAPIproject.genericLib.DataBaseUtilies.closedb(DataBaseUtilies.java:43)
at com.TestYantra.USAPIproject.genericLib.BaseClass.configAS(BaseClass.java:22)
at java.base/java.util.ArrayList.forEach(ArrayList.java:1511)
... Removed 32 stack frames]]>
    </failure>
  </testcase> <!-- @AfterMethod configAS -->
  <testcase classname="com.TestYantra.USAP1Project.scripts.DeleteOperation" name="tc3" time="4.993"/>
  <testcase classname="com.TestYantra.USAP1Project.scripts.PostOperation" name="tc2" time="4.57"/>
  <testcase classname="com.TestYantra.USAP1Project.scripts.GetOperation" name="tc1" time="0.407"/>
  <testcase classname="com.TestYantra.USAPIproject.genericLib.BaseClass" name="@BeforeSuite configBS" time="0.0">
    <ignored/>
  </testcase> <!-- @BeforeSuite configBS -->
  <testcase classname="com.TestYantra.USAPIproject.genericLib.BaseClass" name="@BeforeSuite configBS" time="0.0">
    <ignored/>
  </testcase> <!-- @BeforeSuite configBS -->
</testsuite> <!-- Test -->
