<?xml version="1.0" encoding="UTF-8"?>
<testng-results ignored="0" total="2" passed="2" failed="0" skipped="0">
  <reporter-output>
    <line>
      <![CDATA[we are closeing]]>
    </line>
  </reporter-output>
  <suite started-at="2021-07-27T08:13:53 IST" name="Suite" finished-at="2021-07-27T08:14:06 IST" duration-ms="13191">
    <groups>
    </groups>
    <test started-at="2021-07-27T08:13:53 IST" name="Test" finished-at="2021-07-27T08:14:06 IST" duration-ms="13191">
      <class name="com.TestYantra.USAP1Project.scripts.PostOperation">
        <test-method signature="tc2()[pri:0, instance:com.TestYantra.USAP1Project.scripts.PostOperation@71c3b41]" started-at="2021-07-27T08:13:53 IST" name="tc2" finished-at="2021-07-27T08:14:06 IST" duration-ms="12632" status="PASS">
          <reporter-output>
          </reporter-output>
        </test-method> <!-- tc2 -->
      </class> <!-- com.TestYantra.USAP1Project.scripts.PostOperation -->
      <class name="com.TestYantra.USAP1Project.scripts.GetOperation">
        <test-method is-config="true" signature="openApp()[pri:0, instance:com.TestYantra.USAP1Project.scripts.GetOperation@236e3f4e]" started-at="2021-07-27T08:14:06 IST" name="openApp" finished-at="2021-07-27T08:14:06 IST" duration-ms="2" status="PASS">
          <reporter-output>
          </reporter-output>
        </test-method> <!-- openApp -->
        <test-method signature="tc1()[pri:0, instance:com.TestYantra.USAP1Project.scripts.GetOperation@236e3f4e]" started-at="2021-07-27T08:14:06 IST" name="tc1" finished-at="2021-07-27T08:14:06 IST" duration-ms="425" status="PASS">
          <reporter-output>
          </reporter-output>
        </test-method> <!-- tc1 -->
        <test-method is-config="true" signature="closeApp()[pri:0, instance:com.TestYantra.USAP1Project.scripts.GetOperation@236e3f4e]" started-at="2021-07-27T08:14:06 IST" name="closeApp" finished-at="2021-07-27T08:14:06 IST" duration-ms="2" status="PASS">
          <reporter-output>
            <line>
              <![CDATA[we are closeing]]>
            </line>
          </reporter-output>
        </test-method> <!-- closeApp -->
      </class> <!-- com.TestYantra.USAP1Project.scripts.GetOperation -->
    </test> <!-- Test -->
  </suite> <!-- Suite -->
</testng-results>
